<?xml version="1.0" encoding="UTF-8"?>
<testsuite xmlns:xsi="http://www.w3.org/2001/XMLSchema-instance" xsi:noNamespaceSchemaLocation="https://maven.apache.org/surefire/maven-surefire-plugin/xsd/surefire-test-report.xsd" name="com.Ambition.SupermarketApplicationTests" time="8.108" tests="1" errors="0" skipped="0" failures="0">
  <properties>
    <property name="sun.desktop" value="windows"/>
    <property name="awt.toolkit" value="sun.awt.windows.WToolkit"/>
    <property name="file.encoding.pkg" value="sun.io"/>
    <property name="java.specification.version" value="1.8"/>
    <property name="sun.cpu.isalist" value="amd64"/>
    <property name="sun.jnu.encoding" value="GBK"/>
    <property name="java.class.path" value="D:\学习资料\demo\超市管理系统\supermarket\target\test-classes;D:\学习资料\demo\超市管理系统\supermarket\target\classes;E:\apache-maven-3.6.1\repository\org\springframework\boot\spring-boot-starter-web\2.7.5\spring-boot-starter-web-2.7.5.jar;E:\apache-maven-3.6.1\repository\org\springframework\boot\spring-boot-starter\2.7.5\spring-boot-starter-2.7.5.jar;E:\apache-maven-3.6.1\repository\org\springframework\boot\spring-boot\2.7.5\spring-boot-2.7.5.jar;E:\apache-maven-3.6.1\repository\org\springframework\boot\spring-boot-autoconfigure\2.7.5\spring-boot-autoconfigure-2.7.5.jar;E:\apache-maven-3.6.1\repository\org\springframework\boot\spring-boot-starter-logging\2.7.5\spring-boot-starter-logging-2.7.5.jar;E:\apache-maven-3.6.1\repository\ch\qos\logback\logback-classic\1.2.11\logback-classic-1.2.11.jar;E:\apache-maven-3.6.1\repository\ch\qos\logback\logback-core\1.2.11\logback-core-1.2.11.jar;E:\apache-maven-3.6.1\repository\org\apache\logging\log4j\log4j-to-slf4j\2.17.2\log4j-to-slf4j-2.17.2.jar;E:\apache-maven-3.6.1\repository\org\apache\logging\log4j\log4j-api\2.17.2\log4j-api-2.17.2.jar;E:\apache-maven-3.6.1\repository\org\slf4j\jul-to-slf4j\1.7.36\jul-to-slf4j-1.7.36.jar;E:\apache-maven-3.6.1\repository\jakarta\annotation\jakarta.annotation-api\1.3.5\jakarta.annotation-api-1.3.5.jar;E:\apache-maven-3.6.1\repository\org\yaml\snakeyaml\1.30\snakeyaml-1.30.jar;E:\apache-maven-3.6.1\repository\org\springframework\boot\spring-boot-starter-json\2.7.5\spring-boot-starter-json-2.7.5.jar;E:\apache-maven-3.6.1\repository\com\fasterxml\jackson\datatype\jackson-datatype-jdk8\2.13.4\jackson-datatype-jdk8-2.13.4.jar;E:\apache-maven-3.6.1\repository\com\fasterxml\jackson\datatype\jackson-datatype-jsr310\2.13.4\jackson-datatype-jsr310-2.13.4.jar;E:\apache-maven-3.6.1\repository\com\fasterxml\jackson\module\jackson-module-parameter-names\2.13.4\jackson-module-parameter-names-2.13.4.jar;E:\apache-maven-3.6.1\repository\org\springframework\boot\spring-boot-starter-tomcat\2.7.5\spring-boot-starter-tomcat-2.7.5.jar;E:\apache-maven-3.6.1\repository\org\apache\tomcat\embed\tomcat-embed-core\9.0.68\tomcat-embed-core-9.0.68.jar;E:\apache-maven-3.6.1\repository\org\apache\tomcat\embed\tomcat-embed-el\9.0.68\tomcat-embed-el-9.0.68.jar;E:\apache-maven-3.6.1\repository\org\apache\tomcat\embed\tomcat-embed-websocket\9.0.68\tomcat-embed-websocket-9.0.68.jar;E:\apache-maven-3.6.1\repository\org\springframework\spring-web\5.3.23\spring-web-5.3.23.jar;E:\apache-maven-3.6.1\repository\org\springframework\spring-beans\5.3.23\spring-beans-5.3.23.jar;E:\apache-maven-3.6.1\repository\org\springframework\spring-webmvc\5.3.23\spring-webmvc-5.3.23.jar;E:\apache-maven-3.6.1\repository\org\springframework\spring-context\5.3.23\spring-context-5.3.23.jar;E:\apache-maven-3.6.1\repository\org\springframework\spring-expression\5.3.23\spring-expression-5.3.23.jar;E:\apache-maven-3.6.1\repository\org\springframework\boot\spring-boot-starter-test\2.7.5\spring-boot-starter-test-2.7.5.jar;E:\apache-maven-3.6.1\repository\org\springframework\boot\spring-boot-test\2.7.5\spring-boot-test-2.7.5.jar;E:\apache-maven-3.6.1\repository\org\springframework\boot\spring-boot-test-autoconfigure\2.7.5\spring-boot-test-autoconfigure-2.7.5.jar;E:\apache-maven-3.6.1\repository\com\jayway\jsonpath\json-path\2.7.0\json-path-2.7.0.jar;E:\apache-maven-3.6.1\repository\net\minidev\json-smart\2.4.8\json-smart-2.4.8.jar;E:\apache-maven-3.6.1\repository\net\minidev\accessors-smart\2.4.8\accessors-smart-2.4.8.jar;E:\apache-maven-3.6.1\repository\org\ow2\asm\asm\9.1\asm-9.1.jar;E:\apache-maven-3.6.1\repository\jakarta\xml\bind\jakarta.xml.bind-api\2.3.3\jakarta.xml.bind-api-2.3.3.jar;E:\apache-maven-3.6.1\repository\jakarta\activation\jakarta.activation-api\1.2.2\jakarta.activation-api-1.2.2.jar;E:\apache-maven-3.6.1\repository\org\assertj\assertj-core\3.22.0\assertj-core-3.22.0.jar;E:\apache-maven-3.6.1\repository\org\hamcrest\hamcrest\2.2\hamcrest-2.2.jar;E:\apache-maven-3.6.1\repository\org\junit\jupiter\junit-jupiter\5.8.2\junit-jupiter-5.8.2.jar;E:\apache-maven-3.6.1\repository\org\junit\jupiter\junit-jupiter-api\5.8.2\junit-jupiter-api-5.8.2.jar;E:\apache-maven-3.6.1\repository\org\opentest4j\opentest4j\1.2.0\opentest4j-1.2.0.jar;E:\apache-maven-3.6.1\repository\org\junit\platform\junit-platform-commons\1.8.2\junit-platform-commons-1.8.2.jar;E:\apache-maven-3.6.1\repository\org\apiguardian\apiguardian-api\1.1.2\apiguardian-api-1.1.2.jar;E:\apache-maven-3.6.1\repository\org\junit\jupiter\junit-jupiter-params\5.8.2\junit-jupiter-params-5.8.2.jar;E:\apache-maven-3.6.1\repository\org\junit\jupiter\junit-jupiter-engine\5.8.2\junit-jupiter-engine-5.8.2.jar;E:\apache-maven-3.6.1\repository\org\junit\platform\junit-platform-engine\1.8.2\junit-platform-engine-1.8.2.jar;E:\apache-maven-3.6.1\repository\org\mockito\mockito-core\4.5.1\mockito-core-4.5.1.jar;E:\apache-maven-3.6.1\repository\net\bytebuddy\byte-buddy\1.12.18\byte-buddy-1.12.18.jar;E:\apache-maven-3.6.1\repository\net\bytebuddy\byte-buddy-agent\1.12.18\byte-buddy-agent-1.12.18.jar;E:\apache-maven-3.6.1\repository\org\objenesis\objenesis\3.2\objenesis-3.2.jar;E:\apache-maven-3.6.1\repository\org\mockito\mockito-junit-jupiter\4.5.1\mockito-junit-jupiter-4.5.1.jar;E:\apache-maven-3.6.1\repository\org\skyscreamer\jsonassert\1.5.1\jsonassert-1.5.1.jar;E:\apache-maven-3.6.1\repository\com\vaadin\external\google\android-json\0.0.20131108.vaadin1\android-json-0.0.20131108.vaadin1.jar;E:\apache-maven-3.6.1\repository\org\springframework\spring-core\5.3.23\spring-core-5.3.23.jar;E:\apache-maven-3.6.1\repository\org\springframework\spring-jcl\5.3.23\spring-jcl-5.3.23.jar;E:\apache-maven-3.6.1\repository\org\springframework\spring-test\5.3.23\spring-test-5.3.23.jar;E:\apache-maven-3.6.1\repository\org\xmlunit\xmlunit-core\2.9.0\xmlunit-core-2.9.0.jar;E:\apache-maven-3.6.1\repository\org\projectlombok\lombok\1.18.24\lombok-1.18.24.jar;E:\apache-maven-3.6.1\repository\org\webjars\jquery\3.4.1\jquery-3.4.1.jar;E:\apache-maven-3.6.1\repository\org\mybatis\spring\boot\mybatis-spring-boot-starter\2.2.2\mybatis-spring-boot-starter-2.2.2.jar;E:\apache-maven-3.6.1\repository\org\mybatis\spring\boot\mybatis-spring-boot-autoconfigure\2.2.2\mybatis-spring-boot-autoconfigure-2.2.2.jar;E:\apache-maven-3.6.1\repository\org\mybatis\mybatis\3.5.9\mybatis-3.5.9.jar;E:\apache-maven-3.6.1\repository\org\mybatis\mybatis-spring\2.0.7\mybatis-spring-2.0.7.jar;E:\apache-maven-3.6.1\repository\com\alibaba\druid\1.2.12\druid-1.2.12.jar;E:\apache-maven-3.6.1\repository\org\springframework\boot\spring-boot-starter-jdbc\2.7.5\spring-boot-starter-jdbc-2.7.5.jar;E:\apache-maven-3.6.1\repository\com\zaxxer\HikariCP\4.0.3\HikariCP-4.0.3.jar;E:\apache-maven-3.6.1\repository\org\springframework\spring-jdbc\5.3.23\spring-jdbc-5.3.23.jar;E:\apache-maven-3.6.1\repository\org\springframework\spring-tx\5.3.23\spring-tx-5.3.23.jar;E:\apache-maven-3.6.1\repository\log4j\log4j\1.2.17\log4j-1.2.17.jar;E:\apache-maven-3.6.1\repository\com\mysql\mysql-connector-j\8.0.31\mysql-connector-j-8.0.31.jar;E:\apache-maven-3.6.1\repository\org\springframework\boot\spring-boot-starter-security\2.7.5\spring-boot-starter-security-2.7.5.jar;E:\apache-maven-3.6.1\repository\org\springframework\spring-aop\5.3.23\spring-aop-5.3.23.jar;E:\apache-maven-3.6.1\repository\org\springframework\security\spring-security-config\5.7.4\spring-security-config-5.7.4.jar;E:\apache-maven-3.6.1\repository\org\springframework\security\spring-security-core\5.7.4\spring-security-core-5.7.4.jar;E:\apache-maven-3.6.1\repository\org\springframework\security\spring-security-crypto\5.7.4\spring-security-crypto-5.7.4.jar;E:\apache-maven-3.6.1\repository\org\springframework\security\spring-security-web\5.7.4\spring-security-web-5.7.4.jar;E:\apache-maven-3.6.1\repository\io\springfox\springfox-swagger2\3.0.0\springfox-swagger2-3.0.0.jar;E:\apache-maven-3.6.1\repository\io\springfox\springfox-spi\3.0.0\springfox-spi-3.0.0.jar;E:\apache-maven-3.6.1\repository\io\springfox\springfox-core\3.0.0\springfox-core-3.0.0.jar;E:\apache-maven-3.6.1\repository\io\springfox\springfox-schema\3.0.0\springfox-schema-3.0.0.jar;E:\apache-maven-3.6.1\repository\io\springfox\springfox-swagger-common\3.0.0\springfox-swagger-common-3.0.0.jar;E:\apache-maven-3.6.1\repository\io\swagger\core\v3\swagger-annotations\2.1.2\swagger-annotations-2.1.2.jar;E:\apache-maven-3.6.1\repository\io\springfox\springfox-spring-web\3.0.0\springfox-spring-web-3.0.0.jar;E:\apache-maven-3.6.1\repository\io\github\classgraph\classgraph\4.8.83\classgraph-4.8.83.jar;E:\apache-maven-3.6.1\repository\io\springfox\springfox-spring-webmvc\3.0.0\springfox-spring-webmvc-3.0.0.jar;E:\apache-maven-3.6.1\repository\io\springfox\springfox-spring-webflux\3.0.0\springfox-spring-webflux-3.0.0.jar;E:\apache-maven-3.6.1\repository\com\fasterxml\classmate\1.5.1\classmate-1.5.1.jar;E:\apache-maven-3.6.1\repository\org\slf4j\slf4j-api\1.7.36\slf4j-api-1.7.36.jar;E:\apache-maven-3.6.1\repository\org\springframework\plugin\spring-plugin-core\2.0.0.RELEASE\spring-plugin-core-2.0.0.RELEASE.jar;E:\apache-maven-3.6.1\repository\org\springframework\plugin\spring-plugin-metadata\2.0.0.RELEASE\spring-plugin-metadata-2.0.0.RELEASE.jar;E:\apache-maven-3.6.1\repository\io\swagger\swagger-annotations\1.5.20\swagger-annotations-1.5.20.jar;E:\apache-maven-3.6.1\repository\io\swagger\swagger-models\1.5.20\swagger-models-1.5.20.jar;E:\apache-maven-3.6.1\repository\com\fasterxml\jackson\core\jackson-annotations\2.13.4\jackson-annotations-2.13.4.jar;E:\apache-maven-3.6.1\repository\org\mapstruct\mapstruct\1.3.1.Final\mapstruct-1.3.1.Final.jar;E:\apache-maven-3.6.1\repository\io\springfox\springfox-boot-starter\3.0.0\springfox-boot-starter-3.0.0.jar;E:\apache-maven-3.6.1\repository\io\springfox\springfox-oas\3.0.0\springfox-oas-3.0.0.jar;E:\apache-maven-3.6.1\repository\io\swagger\core\v3\swagger-models\2.1.2\swagger-models-2.1.2.jar;E:\apache-maven-3.6.1\repository\io\springfox\springfox-data-rest\3.0.0\springfox-data-rest-3.0.0.jar;E:\apache-maven-3.6.1\repository\io\springfox\springfox-bean-validators\3.0.0\springfox-bean-validators-3.0.0.jar;E:\apache-maven-3.6.1\repository\io\springfox\springfox-swagger-ui\3.0.0\springfox-swagger-ui-3.0.0.jar;E:\apache-maven-3.6.1\repository\org\springframework\boot\spring-boot-starter-mail\2.7.5\spring-boot-starter-mail-2.7.5.jar;E:\apache-maven-3.6.1\repository\org\springframework\spring-context-support\5.3.23\spring-context-support-5.3.23.jar;E:\apache-maven-3.6.1\repository\com\sun\mail\jakarta.mail\1.6.7\jakarta.mail-1.6.7.jar;E:\apache-maven-3.6.1\repository\com\sun\activation\jakarta.activation\1.2.2\jakarta.activation-1.2.2.jar;E:\apache-maven-3.6.1\repository\com\github\pagehelper\pagehelper-spring-boot-starter\1.4.1\pagehelper-spring-boot-starter-1.4.1.jar;E:\apache-maven-3.6.1\repository\com\github\pagehelper\pagehelper-spring-boot-autoconfigure\1.4.1\pagehelper-spring-boot-autoconfigure-1.4.1.jar;E:\apache-maven-3.6.1\repository\com\github\pagehelper\pagehelper\5.3.0\pagehelper-5.3.0.jar;E:\apache-maven-3.6.1\repository\com\github\jsqlparser\jsqlparser\4.2\jsqlparser-4.2.jar;E:\apache-maven-3.6.1\repository\com\alibaba\fastjson\1.2.28\fastjson-1.2.28.jar;E:\apache-maven-3.6.1\repository\io\jsonwebtoken\jjwt\0.9.0\jjwt-0.9.0.jar;E:\apache-maven-3.6.1\repository\com\fasterxml\jackson\core\jackson-databind\2.13.4.2\jackson-databind-2.13.4.2.jar;E:\apache-maven-3.6.1\repository\com\fasterxml\jackson\core\jackson-core\2.13.4\jackson-core-2.13.4.jar;E:\apache-maven-3.6.1\repository\org\springframework\boot\spring-boot-starter-data-redis\2.7.5\spring-boot-starter-data-redis-2.7.5.jar;E:\apache-maven-3.6.1\repository\org\springframework\data\spring-data-redis\2.7.5\spring-data-redis-2.7.5.jar;E:\apache-maven-3.6.1\repository\org\springframework\data\spring-data-keyvalue\2.7.5\spring-data-keyvalue-2.7.5.jar;E:\apache-maven-3.6.1\repository\org\springframework\data\spring-data-commons\2.7.5\spring-data-commons-2.7.5.jar;E:\apache-maven-3.6.1\repository\org\springframework\spring-oxm\5.3.23\spring-oxm-5.3.23.jar;E:\apache-maven-3.6.1\repository\io\lettuce\lettuce-core\6.1.10.RELEASE\lettuce-core-6.1.10.RELEASE.jar;E:\apache-maven-3.6.1\repository\io\netty\netty-common\4.1.84.Final\netty-common-4.1.84.Final.jar;E:\apache-maven-3.6.1\repository\io\netty\netty-handler\4.1.84.Final\netty-handler-4.1.84.Final.jar;E:\apache-maven-3.6.1\repository\io\netty\netty-resolver\4.1.84.Final\netty-resolver-4.1.84.Final.jar;E:\apache-maven-3.6.1\repository\io\netty\netty-buffer\4.1.84.Final\netty-buffer-4.1.84.Final.jar;E:\apache-maven-3.6.1\repository\io\netty\netty-transport-native-unix-common\4.1.84.Final\netty-transport-native-unix-common-4.1.84.Final.jar;E:\apache-maven-3.6.1\repository\io\netty\netty-codec\4.1.84.Final\netty-codec-4.1.84.Final.jar;E:\apache-maven-3.6.1\repository\io\netty\netty-transport\4.1.84.Final\netty-transport-4.1.84.Final.jar;E:\apache-maven-3.6.1\repository\io\projectreactor\reactor-core\3.4.24\reactor-core-3.4.24.jar;E:\apache-maven-3.6.1\repository\org\reactivestreams\reactive-streams\1.0.4\reactive-streams-1.0.4.jar;"/>
    <property name="java.vm.vendor" value="Oracle Corporation"/>
    <property name="sun.arch.data.model" value="64"/>
    <property name="user.variant" value=""/>
    <property name="java.vendor.url" value="http://java.oracle.com/"/>
    <property name="user.timezone" value="Asia/Shanghai"/>
    <property name="java.vm.specification.version" value="1.8"/>
    <property name="os.name" value="Windows 10"/>
    <property name="user.country" value="CN"/>
    <property name="sun.java.launcher" value="SUN_STANDARD"/>
    <property name="sun.boot.library.path" value="E:\java\jdk8\jre\bin"/>
    <property name="sun.java.command" value="C:\Users\HUAWEI\AppData\Local\Temp\surefire6818841395583802177\surefirebooter6869004937426309012.jar C:\Users\HUAWEI\AppData\Local\Temp\surefire6818841395583802177 2023-04-06T17-03-46_757-jvmRun1 surefire718990010062313981tmp surefire_0267771015453891176tmp"/>
    <property name="surefire.test.class.path" value="D:\学习资料\demo\超市管理系统\supermarket\target\test-classes;D:\学习资料\demo\超市管理系统\supermarket\target\classes;E:\apache-maven-3.6.1\repository\org\springframework\boot\spring-boot-starter-web\2.7.5\spring-boot-starter-web-2.7.5.jar;E:\apache-maven-3.6.1\repository\org\springframework\boot\spring-boot-starter\2.7.5\spring-boot-starter-2.7.5.jar;E:\apache-maven-3.6.1\repository\org\springframework\boot\spring-boot\2.7.5\spring-boot-2.7.5.jar;E:\apache-maven-3.6.1\repository\org\springframework\boot\spring-boot-autoconfigure\2.7.5\spring-boot-autoconfigure-2.7.5.jar;E:\apache-maven-3.6.1\repository\org\springframework\boot\spring-boot-starter-logging\2.7.5\spring-boot-starter-logging-2.7.5.jar;E:\apache-maven-3.6.1\repository\ch\qos\logback\logback-classic\1.2.11\logback-classic-1.2.11.jar;E:\apache-maven-3.6.1\repository\ch\qos\logback\logback-core\1.2.11\logback-core-1.2.11.jar;E:\apache-maven-3.6.1\repository\org\apache\logging\log4j\log4j-to-slf4j\2.17.2\log4j-to-slf4j-2.17.2.jar;E:\apache-maven-3.6.1\repository\org\apache\logging\log4j\log4j-api\2.17.2\log4j-api-2.17.2.jar;E:\apache-maven-3.6.1\repository\org\slf4j\jul-to-slf4j\1.7.36\jul-to-slf4j-1.7.36.jar;E:\apache-maven-3.6.1\repository\jakarta\annotation\jakarta.annotation-api\1.3.5\jakarta.annotation-api-1.3.5.jar;E:\apache-maven-3.6.1\repository\org\yaml\snakeyaml\1.30\snakeyaml-1.30.jar;E:\apache-maven-3.6.1\repository\org\springframework\boot\spring-boot-starter-json\2.7.5\spring-boot-starter-json-2.7.5.jar;E:\apache-maven-3.6.1\repository\com\fasterxml\jackson\datatype\jackson-datatype-jdk8\2.13.4\jackson-datatype-jdk8-2.13.4.jar;E:\apache-maven-3.6.1\repository\com\fasterxml\jackson\datatype\jackson-datatype-jsr310\2.13.4\jackson-datatype-jsr310-2.13.4.jar;E:\apache-maven-3.6.1\repository\com\fasterxml\jackson\module\jackson-module-parameter-names\2.13.4\jackson-module-parameter-names-2.13.4.jar;E:\apache-maven-3.6.1\repository\org\springframework\boot\spring-boot-starter-tomcat\2.7.5\spring-boot-starter-tomcat-2.7.5.jar;E:\apache-maven-3.6.1\repository\org\apache\tomcat\embed\tomcat-embed-core\9.0.68\tomcat-embed-core-9.0.68.jar;E:\apache-maven-3.6.1\repository\org\apache\tomcat\embed\tomcat-embed-el\9.0.68\tomcat-embed-el-9.0.68.jar;E:\apache-maven-3.6.1\repository\org\apache\tomcat\embed\tomcat-embed-websocket\9.0.68\tomcat-embed-websocket-9.0.68.jar;E:\apache-maven-3.6.1\repository\org\springframework\spring-web\5.3.23\spring-web-5.3.23.jar;E:\apache-maven-3.6.1\repository\org\springframework\spring-beans\5.3.23\spring-beans-5.3.23.jar;E:\apache-maven-3.6.1\repository\org\springframework\spring-webmvc\5.3.23\spring-webmvc-5.3.23.jar;E:\apache-maven-3.6.1\repository\org\springframework\spring-context\5.3.23\spring-context-5.3.23.jar;E:\apache-maven-3.6.1\repository\org\springframework\spring-expression\5.3.23\spring-expression-5.3.23.jar;E:\apache-maven-3.6.1\repository\org\springframework\boot\spring-boot-starter-test\2.7.5\spring-boot-starter-test-2.7.5.jar;E:\apache-maven-3.6.1\repository\org\springframework\boot\spring-boot-test\2.7.5\spring-boot-test-2.7.5.jar;E:\apache-maven-3.6.1\repository\org\springframework\boot\spring-boot-test-autoconfigure\2.7.5\spring-boot-test-autoconfigure-2.7.5.jar;E:\apache-maven-3.6.1\repository\com\jayway\jsonpath\json-path\2.7.0\json-path-2.7.0.jar;E:\apache-maven-3.6.1\repository\net\minidev\json-smart\2.4.8\json-smart-2.4.8.jar;E:\apache-maven-3.6.1\repository\net\minidev\accessors-smart\2.4.8\accessors-smart-2.4.8.jar;E:\apache-maven-3.6.1\repository\org\ow2\asm\asm\9.1\asm-9.1.jar;E:\apache-maven-3.6.1\repository\jakarta\xml\bind\jakarta.xml.bind-api\2.3.3\jakarta.xml.bind-api-2.3.3.jar;E:\apache-maven-3.6.1\repository\jakarta\activation\jakarta.activation-api\1.2.2\jakarta.activation-api-1.2.2.jar;E:\apache-maven-3.6.1\repository\org\assertj\assertj-core\3.22.0\assertj-core-3.22.0.jar;E:\apache-maven-3.6.1\repository\org\hamcrest\hamcrest\2.2\hamcrest-2.2.jar;E:\apache-maven-3.6.1\repository\org\junit\jupiter\junit-jupiter\5.8.2\junit-jupiter-5.8.2.jar;E:\apache-maven-3.6.1\repository\org\junit\jupiter\junit-jupiter-api\5.8.2\junit-jupiter-api-5.8.2.jar;E:\apache-maven-3.6.1\repository\org\opentest4j\opentest4j\1.2.0\opentest4j-1.2.0.jar;E:\apache-maven-3.6.1\repository\org\junit\platform\junit-platform-commons\1.8.2\junit-platform-commons-1.8.2.jar;E:\apache-maven-3.6.1\repository\org\apiguardian\apiguardian-api\1.1.2\apiguardian-api-1.1.2.jar;E:\apache-maven-3.6.1\repository\org\junit\jupiter\junit-jupiter-params\5.8.2\junit-jupiter-params-5.8.2.jar;E:\apache-maven-3.6.1\repository\org\junit\jupiter\junit-jupiter-engine\5.8.2\junit-jupiter-engine-5.8.2.jar;E:\apache-maven-3.6.1\repository\org\junit\platform\junit-platform-engine\1.8.2\junit-platform-engine-1.8.2.jar;E:\apache-maven-3.6.1\repository\org\mockito\mockito-core\4.5.1\mockito-core-4.5.1.jar;E:\apache-maven-3.6.1\repository\net\bytebuddy\byte-buddy\1.12.18\byte-buddy-1.12.18.jar;E:\apache-maven-3.6.1\repository\net\bytebuddy\byte-buddy-agent\1.12.18\byte-buddy-agent-1.12.18.jar;E:\apache-maven-3.6.1\repository\org\objenesis\objenesis\3.2\objenesis-3.2.jar;E:\apache-maven-3.6.1\repository\org\mockito\mockito-junit-jupiter\4.5.1\mockito-junit-jupiter-4.5.1.jar;E:\apache-maven-3.6.1\repository\org\skyscreamer\jsonassert\1.5.1\jsonassert-1.5.1.jar;E:\apache-maven-3.6.1\repository\com\vaadin\external\google\android-json\0.0.20131108.vaadin1\android-json-0.0.20131108.vaadin1.jar;E:\apache-maven-3.6.1\repository\org\springframework\spring-core\5.3.23\spring-core-5.3.23.jar;E:\apache-maven-3.6.1\repository\org\springframework\spring-jcl\5.3.23\spring-jcl-5.3.23.jar;E:\apache-maven-3.6.1\repository\org\springframework\spring-test\5.3.23\spring-test-5.3.23.jar;E:\apache-maven-3.6.1\repository\org\xmlunit\xmlunit-core\2.9.0\xmlunit-core-2.9.0.jar;E:\apache-maven-3.6.1\repository\org\projectlombok\lombok\1.18.24\lombok-1.18.24.jar;E:\apache-maven-3.6.1\repository\org\webjars\jquery\3.4.1\jquery-3.4.1.jar;E:\apache-maven-3.6.1\repository\org\mybatis\spring\boot\mybatis-spring-boot-starter\2.2.2\mybatis-spring-boot-starter-2.2.2.jar;E:\apache-maven-3.6.1\repository\org\mybatis\spring\boot\mybatis-spring-boot-autoconfigure\2.2.2\mybatis-spring-boot-autoconfigure-2.2.2.jar;E:\apache-maven-3.6.1\repository\org\mybatis\mybatis\3.5.9\mybatis-3.5.9.jar;E:\apache-maven-3.6.1\repository\org\mybatis\mybatis-spring\2.0.7\mybatis-spring-2.0.7.jar;E:\apache-maven-3.6.1\repository\com\alibaba\druid\1.2.12\druid-1.2.12.jar;E:\apache-maven-3.6.1\repository\org\springframework\boot\spring-boot-starter-jdbc\2.7.5\spring-boot-starter-jdbc-2.7.5.jar;E:\apache-maven-3.6.1\repository\com\zaxxer\HikariCP\4.0.3\HikariCP-4.0.3.jar;E:\apache-maven-3.6.1\repository\org\springframework\spring-jdbc\5.3.23\spring-jdbc-5.3.23.jar;E:\apache-maven-3.6.1\repository\org\springframework\spring-tx\5.3.23\spring-tx-5.3.23.jar;E:\apache-maven-3.6.1\repository\log4j\log4j\1.2.17\log4j-1.2.17.jar;E:\apache-maven-3.6.1\repository\com\mysql\mysql-connector-j\8.0.31\mysql-connector-j-8.0.31.jar;E:\apache-maven-3.6.1\repository\org\springframework\boot\spring-boot-starter-security\2.7.5\spring-boot-starter-security-2.7.5.jar;E:\apache-maven-3.6.1\repository\org\springframework\spring-aop\5.3.23\spring-aop-5.3.23.jar;E:\apache-maven-3.6.1\repository\org\springframework\security\spring-security-config\5.7.4\spring-security-config-5.7.4.jar;E:\apache-maven-3.6.1\repository\org\springframework\security\spring-security-core\5.7.4\spring-security-core-5.7.4.jar;E:\apache-maven-3.6.1\repository\org\springframework\security\spring-security-crypto\5.7.4\spring-security-crypto-5.7.4.jar;E:\apache-maven-3.6.1\repository\org\springframework\security\spring-security-web\5.7.4\spring-security-web-5.7.4.jar;E:\apache-maven-3.6.1\repository\io\springfox\springfox-swagger2\3.0.0\springfox-swagger2-3.0.0.jar;E:\apache-maven-3.6.1\repository\io\springfox\springfox-spi\3.0.0\springfox-spi-3.0.0.jar;E:\apache-maven-3.6.1\repository\io\springfox\springfox-core\3.0.0\springfox-core-3.0.0.jar;E:\apache-maven-3.6.1\repository\io\springfox\springfox-schema\3.0.0\springfox-schema-3.0.0.jar;E:\apache-maven-3.6.1\repository\io\springfox\springfox-swagger-common\3.0.0\springfox-swagger-common-3.0.0.jar;E:\apache-maven-3.6.1\repository\io\swagger\core\v3\swagger-annotations\2.1.2\swagger-annotations-2.1.2.jar;E:\apache-maven-3.6.1\repository\io\springfox\springfox-spring-web\3.0.0\springfox-spring-web-3.0.0.jar;E:\apache-maven-3.6.1\repository\io\github\classgraph\classgraph\4.8.83\classgraph-4.8.83.jar;E:\apache-maven-3.6.1\repository\io\springfox\springfox-spring-webmvc\3.0.0\springfox-spring-webmvc-3.0.0.jar;E:\apache-maven-3.6.1\repository\io\springfox\springfox-spring-webflux\3.0.0\springfox-spring-webflux-3.0.0.jar;E:\apache-maven-3.6.1\repository\com\fasterxml\classmate\1.5.1\classmate-1.5.1.jar;E:\apache-maven-3.6.1\repository\org\slf4j\slf4j-api\1.7.36\slf4j-api-1.7.36.jar;E:\apache-maven-3.6.1\repository\org\springframework\plugin\spring-plugin-core\2.0.0.RELEASE\spring-plugin-core-2.0.0.RELEASE.jar;E:\apache-maven-3.6.1\repository\org\springframework\plugin\spring-plugin-metadata\2.0.0.RELEASE\spring-plugin-metadata-2.0.0.RELEASE.jar;E:\apache-maven-3.6.1\repository\io\swagger\swagger-annotations\1.5.20\swagger-annotations-1.5.20.jar;E:\apache-maven-3.6.1\repository\io\swagger\swagger-models\1.5.20\swagger-models-1.5.20.jar;E:\apache-maven-3.6.1\repository\com\fasterxml\jackson\core\jackson-annotations\2.13.4\jackson-annotations-2.13.4.jar;E:\apache-maven-3.6.1\repository\org\mapstruct\mapstruct\1.3.1.Final\mapstruct-1.3.1.Final.jar;E:\apache-maven-3.6.1\repository\io\springfox\springfox-boot-starter\3.0.0\springfox-boot-starter-3.0.0.jar;E:\apache-maven-3.6.1\repository\io\springfox\springfox-oas\3.0.0\springfox-oas-3.0.0.jar;E:\apache-maven-3.6.1\repository\io\swagger\core\v3\swagger-models\2.1.2\swagger-models-2.1.2.jar;E:\apache-maven-3.6.1\repository\io\springfox\springfox-data-rest\3.0.0\springfox-data-rest-3.0.0.jar;E:\apache-maven-3.6.1\repository\io\springfox\springfox-bean-validators\3.0.0\springfox-bean-validators-3.0.0.jar;E:\apache-maven-3.6.1\repository\io\springfox\springfox-swagger-ui\3.0.0\springfox-swagger-ui-3.0.0.jar;E:\apache-maven-3.6.1\repository\org\springframework\boot\spring-boot-starter-mail\2.7.5\spring-boot-starter-mail-2.7.5.jar;E:\apache-maven-3.6.1\repository\org\springframework\spring-context-support\5.3.23\spring-context-support-5.3.23.jar;E:\apache-maven-3.6.1\repository\com\sun\mail\jakarta.mail\1.6.7\jakarta.mail-1.6.7.jar;E:\apache-maven-3.6.1\repository\com\sun\activation\jakarta.activation\1.2.2\jakarta.activation-1.2.2.jar;E:\apache-maven-3.6.1\repository\com\github\pagehelper\pagehelper-spring-boot-starter\1.4.1\pagehelper-spring-boot-starter-1.4.1.jar;E:\apache-maven-3.6.1\repository\com\github\pagehelper\pagehelper-spring-boot-autoconfigure\1.4.1\pagehelper-spring-boot-autoconfigure-1.4.1.jar;E:\apache-maven-3.6.1\repository\com\github\pagehelper\pagehelper\5.3.0\pagehelper-5.3.0.jar;E:\apache-maven-3.6.1\repository\com\github\jsqlparser\jsqlparser\4.2\jsqlparser-4.2.jar;E:\apache-maven-3.6.1\repository\com\alibaba\fastjson\1.2.28\fastjson-1.2.28.jar;E:\apache-maven-3.6.1\repository\io\jsonwebtoken\jjwt\0.9.0\jjwt-0.9.0.jar;E:\apache-maven-3.6.1\repository\com\fasterxml\jackson\core\jackson-databind\2.13.4.2\jackson-databind-2.13.4.2.jar;E:\apache-maven-3.6.1\repository\com\fasterxml\jackson\core\jackson-core\2.13.4\jackson-core-2.13.4.jar;E:\apache-maven-3.6.1\repository\org\springframework\boot\spring-boot-starter-data-redis\2.7.5\spring-boot-starter-data-redis-2.7.5.jar;E:\apache-maven-3.6.1\repository\org\springframework\data\spring-data-redis\2.7.5\spring-data-redis-2.7.5.jar;E:\apache-maven-3.6.1\repository\org\springframework\data\spring-data-keyvalue\2.7.5\spring-data-keyvalue-2.7.5.jar;E:\apache-maven-3.6.1\repository\org\springframework\data\spring-data-commons\2.7.5\spring-data-commons-2.7.5.jar;E:\apache-maven-3.6.1\repository\org\springframework\spring-oxm\5.3.23\spring-oxm-5.3.23.jar;E:\apache-maven-3.6.1\repository\io\lettuce\lettuce-core\6.1.10.RELEASE\lettuce-core-6.1.10.RELEASE.jar;E:\apache-maven-3.6.1\repository\io\netty\netty-common\4.1.84.Final\netty-common-4.1.84.Final.jar;E:\apache-maven-3.6.1\repository\io\netty\netty-handler\4.1.84.Final\netty-handler-4.1.84.Final.jar;E:\apache-maven-3.6.1\repository\io\netty\netty-resolver\4.1.84.Final\netty-resolver-4.1.84.Final.jar;E:\apache-maven-3.6.1\repository\io\netty\netty-buffer\4.1.84.Final\netty-buffer-4.1.84.Final.jar;E:\apache-maven-3.6.1\repository\io\netty\netty-transport-native-unix-common\4.1.84.Final\netty-transport-native-unix-common-4.1.84.Final.jar;E:\apache-maven-3.6.1\repository\io\netty\netty-codec\4.1.84.Final\netty-codec-4.1.84.Final.jar;E:\apache-maven-3.6.1\repository\io\netty\netty-transport\4.1.84.Final\netty-transport-4.1.84.Final.jar;E:\apache-maven-3.6.1\repository\io\projectreactor\reactor-core\3.4.24\reactor-core-3.4.24.jar;E:\apache-maven-3.6.1\repository\org\reactivestreams\reactive-streams\1.0.4\reactive-streams-1.0.4.jar;"/>
    <property name="sun.cpu.endian" value="little"/>
    <property name="user.home" value="C:\Users\HUAWEI"/>
    <property name="user.language" value="zh"/>
    <property name="java.specification.vendor" value="Oracle Corporation"/>
    <property name="java.home" value="E:\java\jdk8\jre"/>
    <property name="basedir" value="D:\学习资料\demo\超市管理系统\supermarket"/>
    <property name="file.separator" value="\"/>
    <property name="line.separator" value="&#10;"/>
    <property name="java.vm.specification.vendor" value="Oracle Corporation"/>
    <property name="java.specification.name" value="Java Platform API Specification"/>
    <property name="java.awt.graphicsenv" value="sun.awt.Win32GraphicsEnvironment"/>
    <property name="idea.version2020.1.1" value="true"/>
    <property name="surefire.real.class.path" value="C:\Users\HUAWEI\AppData\Local\Temp\surefire6818841395583802177\surefirebooter6869004937426309012.jar"/>
    <property name="sun.boot.class.path" value="E:\java\jdk8\jre\lib\resources.jar;E:\java\jdk8\jre\lib\rt.jar;E:\java\jdk8\jre\lib\sunrsasign.jar;E:\java\jdk8\jre\lib\jsse.jar;E:\java\jdk8\jre\lib\jce.jar;E:\java\jdk8\jre\lib\charsets.jar;E:\java\jdk8\jre\lib\jfr.jar;E:\java\jdk8\jre\classes"/>
    <property name="user.script" value=""/>
    <property name="sun.management.compiler" value="HotSpot 64-Bit Tiered Compilers"/>
    <property name="java.runtime.version" value="1.8.0_202-b08"/>
    <property name="user.name" value="HUAWEI"/>
    <property name="path.separator" value=";"/>
    <property name="os.version" value="10.0"/>
    <property name="java.endorsed.dirs" value="E:\java\jdk8\jre\lib\endorsed"/>
    <property name="java.runtime.name" value="Java(TM) SE Runtime Environment"/>
    <property name="file.encoding" value="GBK"/>
    <property name="java.vm.name" value="Java HotSpot(TM) 64-Bit Server VM"/>
    <property name="localRepository" value="E:\apache-maven-3.6.1\repository"/>
    <property name="java.vendor.url.bug" value="http://bugreport.sun.com/bugreport/"/>
    <property name="java.io.tmpdir" value="C:\Users\HUAWEI\AppData\Local\Temp\"/>
    <property name="java.version" value="1.8.0_202"/>
    <property name="user.dir" value="D:\学习资料\demo\超市管理系统\supermarket"/>
    <property name="os.arch" value="amd64"/>
    <property name="java.vm.specification.name" value="Java Virtual Machine Specification"/>
    <property name="java.awt.printerjob" value="sun.awt.windows.WPrinterJob"/>
    <property name="sun.os.patch.level" value=""/>
    <property name="java.library.path" value="E:\java\jdk8\jre\bin;C:\WINDOWS\Sun\Java\bin;C:\WINDOWS\system32;C:\WINDOWS;E:\vmware\bin\;C:\Windows\system32;C:\Windows;C:\Windows\System32\Wbem;C:\Windows\System32\WindowsPowerShell\v1.0\;C:\Windows\System32\OpenSSH\;C:\Program Files (x86)\NVIDIA Corporation\PhysX\Common;C:\Program Files\NVIDIA Corporation\NVIDIA NvDLISR;C:\WINDOWS\system32;C:\WINDOWS;C:\WINDOWS\System32\Wbem;C:\WINDOWS\System32\WindowsPowerShell\v1.0\;C:\WINDOWS\System32\OpenSSH\;D:\Mysql\mysql-8.0.30-winx64\bin;&quot;D:\git\Git\bin;D:\git\Git\mingw64\libexec\git-core&quot;;E:\java\jdk8\bin;E:\java\jdk8\jre\bin;E:\apache-maven-3.6.1\bin;E:\node.js\;E:\Xshell\;E:\vscode\Microsoft VS Code\bin;E:\node.js\node_global;E:\Zotero\PDFtk Server\bin\;E:\matlab2016\runtime\win64;E:\matlab2016\bin;E:\matlab2016\polyspace\bin;C:\Program Files\dotnet\;E:\python\Python;E:\python\Python\Scripts;E:\Anaconda;E:\Anaconda\Scripts;E:\Anaconda\Library\bin;E:\Anaconda\Library\mingw-w64\bin;;E:\微信开发者工具\微信web开发者工具\dll;C:\Ruby31-x64\bin;E:\python\Python\Python39\Scripts\;E:\python\Python\Python39\;C:\Users\HUAWEI\AppData\Local\Microsoft\WindowsApps;%PyCharm Community Edition%;D:\git\Git\bin;C:\Users\HUAWEI\AppData\Roaming\npm;;E:\python\PyCharm 2021.3\bin;;."/>
    <property name="java.vm.info" value="mixed mode"/>
    <property name="java.vendor" value="Oracle Corporation"/>
    <property name="java.vm.version" value="25.202-b08"/>
    <property name="java.ext.dirs" value="E:\java\jdk8\jre\lib\ext;C:\WINDOWS\Sun\Java\lib\ext"/>
    <property name="sun.io.unicode.encoding" value="UnicodeLittle"/>
    <property name="maven.repo.local" value="E:\apache-maven-3.6.1\repository"/>
    <property name="java.class.version" value="52.0"/>
  </properties>
  <testcase name="contextLoads" classname="com.Ambition.SupermarketApplicationTests" time="0.231"/>
</testsuite>